1697199708795:hrlp
1697199711569:help
1697199724903:exit
1697202137883:start-test
1697202196071:login
1697202204753:start-test
1697202278185:login hex
1697202289431:login opi
1697202316168:start-app
1697202321496:start-test
1697202377318:exit
1697210134379:вы
1697210137090:help
1697210144154:start-test
1697210155501:login
1697210159827:start-test
1697210181470:login
1697210184370:start-test
1697210188698:4
1697210193748:exit
1697838496688:help
1697838506239:login
1697838513506:get-books
1697838524214:help
1697838543809:create-book
1697838562780:create-book test test test test
1697838569773:get-books
